D:\SumandeepBanerjee\Work\Odesk\TQGlobal\StereoVisualizer\EngineApp\Release\cl.command.1.tlog
D:\SumandeepBanerjee\Work\Odesk\TQGlobal\StereoVisualizer\EngineApp\Release\CL.read.1.tlog
D:\SumandeepBanerjee\Work\Odesk\TQGlobal\StereoVisualizer\EngineApp\Release\CL.write.1.tlog
D:\SUMANDEEPBANERJEE\WORK\ODESK\TQGLOBAL\STEREOVISUALIZER\ENGINEAPP\RELEASE\COMMON.OBJ
D:\SUMANDEEPBANERJEE\WORK\ODESK\TQGLOBAL\STEREOVISUALIZER\ENGINEAPP\RELEASE\D3DCAMERA.OBJ
D:\SUMANDEEPBANERJEE\WORK\ODESK\TQGLOBAL\STEREOVISUALIZER\ENGINEAPP\RELEASE\D3DMODEL.OBJ
D:\SUMANDEEPBANERJEE\WORK\ODESK\TQGLOBAL\STEREOVISUALIZER\ENGINEAPP\RELEASE\D3DOBJMESHLOADER.OBJ
D:\SUMANDEEPBANERJEE\WORK\ODESK\TQGLOBAL\STEREOVISUALIZER\ENGINEAPP\RELEASE\D3DRENDERER.OBJ
D:\SUMANDEEPBANERJEE\WORK\ODESK\TQGLOBAL\STEREOVISUALIZER\ENGINEAPP\RELEASE\D3DSETTINGS.OBJ
D:\SUMANDEEPBANERJEE\WORK\ODESK\TQGLOBAL\STEREOVISUALIZER\ENGINEAPP\RELEASE\D3DTERRAIN.OBJ
D:\SUMANDEEPBANERJEE\WORK\ODESK\TQGLOBAL\STEREOVISUALIZER\ENGINEAPP\RELEASE\D3DUTILITY.OBJ
D:\SUMANDEEPBANERJEE\WORK\ODESK\TQGLOBAL\STEREOVISUALIZER\ENGINEAPP\RELEASE\ENGINEAPP.EXE.INTERMEDIATE.MANIFEST
D:\SumandeepBanerjee\Work\Odesk\TQGlobal\StereoVisualizer\EngineApp\Release\link.command.1.tlog
D:\SumandeepBanerjee\Work\Odesk\TQGlobal\StereoVisualizer\EngineApp\Release\link.read.1.tlog
D:\SumandeepBanerjee\Work\Odesk\TQGlobal\StereoVisualizer\EngineApp\Release\link.write.1.tlog
D:\SumandeepBanerjee\Work\Odesk\TQGlobal\StereoVisualizer\EngineApp\Release\mt.command.1.tlog
D:\SumandeepBanerjee\Work\Odesk\TQGlobal\StereoVisualizer\EngineApp\Release\mt.read.1.tlog
D:\SumandeepBanerjee\Work\Odesk\TQGlobal\StereoVisualizer\EngineApp\Release\mt.write.1.tlog
D:\SUMANDEEPBANERJEE\WORK\ODESK\TQGLOBAL\STEREOVISUALIZER\ENGINEAPP\RELEASE\VC100.PDB
D:\SUMANDEEPBANERJEE\WORK\ODESK\TQGLOBAL\STEREOVISUALIZER\ENGINEAPP\RELEASE\WINMAIN.OBJ
D:\SUMANDEEPBANERJEE\WORK\ODESK\TQGLOBAL\STEREOVISUALIZER\RELEASE\ENGINEAPP.EXE
D:\SUMANDEEPBANERJEE\WORK\ODESK\TQGLOBAL\STEREOVISUALIZER\RELEASE\ENGINEAPP.PDB
