D:\SUMANDEEPBANERJEE\WORK\ODESK\TQGLOBAL\STEREOVISUALIZER\DEBUG\ENGINEAPP.EXE
D:\SUMANDEEPBANERJEE\WORK\ODESK\TQGLOBAL\STEREOVISUALIZER\DEBUG\ENGINEAPP.ILK
D:\SUMANDEEPBANERJEE\WORK\ODESK\TQGLOBAL\STEREOVISUALIZER\DEBUG\ENGINEAPP.PDB
D:\SumandeepBanerjee\Work\Odesk\TQGlobal\StereoVisualizer\EngineApp\Debug\cl.command.1.tlog
D:\SumandeepBanerjee\Work\Odesk\TQGlobal\StereoVisualizer\EngineApp\Debug\CL.read.1.tlog
D:\SumandeepBanerjee\Work\Odesk\TQGlobal\StereoVisualizer\EngineApp\Debug\CL.write.1.tlog
D:\SUMANDEEPBANERJEE\WORK\ODESK\TQGLOBAL\STEREOVISUALIZER\ENGINEAPP\DEBUG\COMMON.OBJ
D:\SUMANDEEPBANERJEE\WORK\ODESK\TQGLOBAL\STEREOVISUALIZER\ENGINEAPP\DEBUG\D3DCAMERA.OBJ
D:\SUMANDEEPBANERJEE\WORK\ODESK\TQGLOBAL\STEREOVISUALIZER\ENGINEAPP\DEBUG\D3DMODEL.OBJ
D:\SUMANDEEPBANERJEE\WORK\ODESK\TQGLOBAL\STEREOVISUALIZER\ENGINEAPP\DEBUG\D3DOBJMESHLOADER.OBJ
D:\SUMANDEEPBANERJEE\WORK\ODESK\TQGLOBAL\STEREOVISUALIZER\ENGINEAPP\DEBUG\D3DRENDERER.OBJ
D:\SUMANDEEPBANERJEE\WORK\ODESK\TQGLOBAL\STEREOVISUALIZER\ENGINEAPP\DEBUG\D3DSETTINGS.OBJ
D:\SUMANDEEPBANERJEE\WORK\ODESK\TQGLOBAL\STEREOVISUALIZER\ENGINEAPP\DEBUG\D3DTERRAIN.OBJ
D:\SUMANDEEPBANERJEE\WORK\ODESK\TQGLOBAL\STEREOVISUALIZER\ENGINEAPP\DEBUG\D3DUTILITY.OBJ
D:\SUMANDEEPBANERJEE\WORK\ODESK\TQGLOBAL\STEREOVISUALIZER\ENGINEAPP\DEBUG\ENGINEAPP.EXE.EMBED.MANIFEST
D:\SUMANDEEPBANERJEE\WORK\ODESK\TQGLOBAL\STEREOVISUALIZER\ENGINEAPP\DEBUG\ENGINEAPP.EXE.EMBED.MANIFEST.RES
D:\SUMANDEEPBANERJEE\WORK\ODESK\TQGLOBAL\STEREOVISUALIZER\ENGINEAPP\DEBUG\ENGINEAPP.EXE.INTERMEDIATE.MANIFEST
D:\SumandeepBanerjee\Work\Odesk\TQGlobal\StereoVisualizer\EngineApp\Debug\EngineApp_manifest.rc
D:\SumandeepBanerjee\Work\Odesk\TQGlobal\StereoVisualizer\EngineApp\Debug\link.4972.read.1.tlog
D:\SumandeepBanerjee\Work\Odesk\TQGlobal\StereoVisualizer\EngineApp\Debug\link.4972.write.1.tlog
D:\SumandeepBanerjee\Work\Odesk\TQGlobal\StereoVisualizer\EngineApp\Debug\link.4972-cvtres.read.1.tlog
D:\SumandeepBanerjee\Work\Odesk\TQGlobal\StereoVisualizer\EngineApp\Debug\link.4972-cvtres.write.1.tlog
D:\SumandeepBanerjee\Work\Odesk\TQGlobal\StereoVisualizer\EngineApp\Debug\link.5612.read.1.tlog
D:\SumandeepBanerjee\Work\Odesk\TQGlobal\StereoVisualizer\EngineApp\Debug\link.5612.write.1.tlog
D:\SumandeepBanerjee\Work\Odesk\TQGlobal\StereoVisualizer\EngineApp\Debug\link.5612-cvtres.read.1.tlog
D:\SumandeepBanerjee\Work\Odesk\TQGlobal\StereoVisualizer\EngineApp\Debug\link.5612-cvtres.write.1.tlog
D:\SumandeepBanerjee\Work\Odesk\TQGlobal\StereoVisualizer\EngineApp\Debug\link.5712.read.1.tlog
D:\SumandeepBanerjee\Work\Odesk\TQGlobal\StereoVisualizer\EngineApp\Debug\link.5712.write.1.tlog
D:\SumandeepBanerjee\Work\Odesk\TQGlobal\StereoVisualizer\EngineApp\Debug\link.5712-cvtres.read.1.tlog
D:\SumandeepBanerjee\Work\Odesk\TQGlobal\StereoVisualizer\EngineApp\Debug\link.5712-cvtres.write.1.tlog
D:\SumandeepBanerjee\Work\Odesk\TQGlobal\StereoVisualizer\EngineApp\Debug\link.5940.read.1.tlog
D:\SumandeepBanerjee\Work\Odesk\TQGlobal\StereoVisualizer\EngineApp\Debug\link.5940.write.1.tlog
D:\SumandeepBanerjee\Work\Odesk\TQGlobal\StereoVisualizer\EngineApp\Debug\link.5940-cvtres.read.1.tlog
D:\SumandeepBanerjee\Work\Odesk\TQGlobal\StereoVisualizer\EngineApp\Debug\link.5940-cvtres.write.1.tlog
D:\SumandeepBanerjee\Work\Odesk\TQGlobal\StereoVisualizer\EngineApp\Debug\link.9144.read.1.tlog
D:\SumandeepBanerjee\Work\Odesk\TQGlobal\StereoVisualizer\EngineApp\Debug\link.9144.write.1.tlog
D:\SumandeepBanerjee\Work\Odesk\TQGlobal\StereoVisualizer\EngineApp\Debug\link.9144-cvtres.read.1.tlog
D:\SumandeepBanerjee\Work\Odesk\TQGlobal\StereoVisualizer\EngineApp\Debug\link.9144-cvtres.write.1.tlog
D:\SumandeepBanerjee\Work\Odesk\TQGlobal\StereoVisualizer\EngineApp\Debug\link.9832.read.1.tlog
D:\SumandeepBanerjee\Work\Odesk\TQGlobal\StereoVisualizer\EngineApp\Debug\link.9832.write.1.tlog
D:\SumandeepBanerjee\Work\Odesk\TQGlobal\StereoVisualizer\EngineApp\Debug\link.9832-cvtres.read.1.tlog
D:\SumandeepBanerjee\Work\Odesk\TQGlobal\StereoVisualizer\EngineApp\Debug\link.9832-cvtres.write.1.tlog
D:\SumandeepBanerjee\Work\Odesk\TQGlobal\StereoVisualizer\EngineApp\Debug\link.9868.read.1.tlog
D:\SumandeepBanerjee\Work\Odesk\TQGlobal\StereoVisualizer\EngineApp\Debug\link.9868.write.1.tlog
D:\SumandeepBanerjee\Work\Odesk\TQGlobal\StereoVisualizer\EngineApp\Debug\link.9868-cvtres.read.1.tlog
D:\SumandeepBanerjee\Work\Odesk\TQGlobal\StereoVisualizer\EngineApp\Debug\link.9868-cvtres.write.1.tlog
D:\SumandeepBanerjee\Work\Odesk\TQGlobal\StereoVisualizer\EngineApp\Debug\link.command.1.tlog
D:\SumandeepBanerjee\Work\Odesk\TQGlobal\StereoVisualizer\EngineApp\Debug\link.read.1.tlog
D:\SumandeepBanerjee\Work\Odesk\TQGlobal\StereoVisualizer\EngineApp\Debug\link.write.1.tlog
D:\SumandeepBanerjee\Work\Odesk\TQGlobal\StereoVisualizer\EngineApp\Debug\link-cvtres.read.1.tlog
D:\SumandeepBanerjee\Work\Odesk\TQGlobal\StereoVisualizer\EngineApp\Debug\link-cvtres.write.1.tlog
D:\SumandeepBanerjee\Work\Odesk\TQGlobal\StereoVisualizer\EngineApp\Debug\mt.command.1.tlog
D:\SumandeepBanerjee\Work\Odesk\TQGlobal\StereoVisualizer\EngineApp\Debug\mt.read.1.tlog
D:\SumandeepBanerjee\Work\Odesk\TQGlobal\StereoVisualizer\EngineApp\Debug\mt.write.1.tlog
D:\SumandeepBanerjee\Work\Odesk\TQGlobal\StereoVisualizer\EngineApp\Debug\rc.command.1.tlog
D:\SumandeepBanerjee\Work\Odesk\TQGlobal\StereoVisualizer\EngineApp\Debug\rc.read.1.tlog
D:\SumandeepBanerjee\Work\Odesk\TQGlobal\StereoVisualizer\EngineApp\Debug\rc.write.1.tlog
D:\SumandeepBanerjee\Work\Odesk\TQGlobal\StereoVisualizer\EngineApp\Debug\vc100.idb
D:\SUMANDEEPBANERJEE\WORK\ODESK\TQGLOBAL\STEREOVISUALIZER\ENGINEAPP\DEBUG\VC100.PDB
D:\SUMANDEEPBANERJEE\WORK\ODESK\TQGLOBAL\STEREOVISUALIZER\ENGINEAPP\DEBUG\WINMAIN.OBJ
