D:\SUMANDEEPBANERJEE\WORK\ODESK\TQGLOBAL\STEREOVISUALIZER\DEBUG\ENGINEAPP_DEBUG.EXE
D:\SUMANDEEPBANERJEE\WORK\ODESK\TQGLOBAL\STEREOVISUALIZER\DEBUG\ENGINEAPP_DEBUG.ILK
D:\SUMANDEEPBANERJEE\WORK\ODESK\TQGLOBAL\STEREOVISUALIZER\DEBUG\ENGINEAPP_DEBUG.PDB
D:\SumandeepBanerjee\Work\Odesk\TQGlobal\StereoVisualizer\EngineApp\Debug\cl.command.1.tlog
D:\SumandeepBanerjee\Work\Odesk\TQGlobal\StereoVisualizer\EngineApp\Debug\CL.read.1.tlog
D:\SumandeepBanerjee\Work\Odesk\TQGlobal\StereoVisualizer\EngineApp\Debug\CL.write.1.tlog
D:\SUMANDEEPBANERJEE\WORK\ODESK\TQGLOBAL\STEREOVISUALIZER\ENGINEAPP\DEBUG\COMMON.OBJ
D:\SUMANDEEPBANERJEE\WORK\ODESK\TQGLOBAL\STEREOVISUALIZER\ENGINEAPP\DEBUG\D3DCAMERA.OBJ
D:\SUMANDEEPBANERJEE\WORK\ODESK\TQGLOBAL\STEREOVISUALIZER\ENGINEAPP\DEBUG\D3DMODEL.OBJ
D:\SUMANDEEPBANERJEE\WORK\ODESK\TQGLOBAL\STEREOVISUALIZER\ENGINEAPP\DEBUG\D3DOBJMESHLOADER.OBJ
D:\SUMANDEEPBANERJEE\WORK\ODESK\TQGLOBAL\STEREOVISUALIZER\ENGINEAPP\DEBUG\D3DRENDERER.OBJ
D:\SUMANDEEPBANERJEE\WORK\ODESK\TQGLOBAL\STEREOVISUALIZER\ENGINEAPP\DEBUG\D3DSETTINGS.OBJ
D:\SUMANDEEPBANERJEE\WORK\ODESK\TQGLOBAL\STEREOVISUALIZER\ENGINEAPP\DEBUG\D3DTERRAIN.OBJ
D:\SUMANDEEPBANERJEE\WORK\ODESK\TQGLOBAL\STEREOVISUALIZER\ENGINEAPP\DEBUG\D3DUTILITY.OBJ
D:\SUMANDEEPBANERJEE\WORK\ODESK\TQGLOBAL\STEREOVISUALIZER\ENGINEAPP\DEBUG\ENGINEAPP_DEBUG.EXE.EMBED.MANIFEST
D:\SUMANDEEPBANERJEE\WORK\ODESK\TQGLOBAL\STEREOVISUALIZER\ENGINEAPP\DEBUG\ENGINEAPP_DEBUG.EXE.EMBED.MANIFEST.RES
D:\SUMANDEEPBANERJEE\WORK\ODESK\TQGLOBAL\STEREOVISUALIZER\ENGINEAPP\DEBUG\ENGINEAPP_DEBUG.EXE.INTERMEDIATE.MANIFEST
D:\SumandeepBanerjee\Work\Odesk\TQGlobal\StereoVisualizer\EngineApp\Debug\EngineApp_Debug_manifest.rc
D:\SumandeepBanerjee\Work\Odesk\TQGlobal\StereoVisualizer\EngineApp\Debug\link.2616.read.1.tlog
D:\SumandeepBanerjee\Work\Odesk\TQGlobal\StereoVisualizer\EngineApp\Debug\link.2616.write.1.tlog
D:\SumandeepBanerjee\Work\Odesk\TQGlobal\StereoVisualizer\EngineApp\Debug\link.2616-cvtres.read.1.tlog
D:\SumandeepBanerjee\Work\Odesk\TQGlobal\StereoVisualizer\EngineApp\Debug\link.2616-cvtres.write.1.tlog
D:\SumandeepBanerjee\Work\Odesk\TQGlobal\StereoVisualizer\EngineApp\Debug\link.4632.read.1.tlog
D:\SumandeepBanerjee\Work\Odesk\TQGlobal\StereoVisualizer\EngineApp\Debug\link.4632.write.1.tlog
D:\SumandeepBanerjee\Work\Odesk\TQGlobal\StereoVisualizer\EngineApp\Debug\link.4632-cvtres.read.1.tlog
D:\SumandeepBanerjee\Work\Odesk\TQGlobal\StereoVisualizer\EngineApp\Debug\link.4632-cvtres.write.1.tlog
D:\SumandeepBanerjee\Work\Odesk\TQGlobal\StereoVisualizer\EngineApp\Debug\link.command.1.tlog
D:\SumandeepBanerjee\Work\Odesk\TQGlobal\StereoVisualizer\EngineApp\Debug\link.read.1.tlog
D:\SumandeepBanerjee\Work\Odesk\TQGlobal\StereoVisualizer\EngineApp\Debug\link.write.1.tlog
D:\SumandeepBanerjee\Work\Odesk\TQGlobal\StereoVisualizer\EngineApp\Debug\link-cvtres.read.1.tlog
D:\SumandeepBanerjee\Work\Odesk\TQGlobal\StereoVisualizer\EngineApp\Debug\link-cvtres.write.1.tlog
D:\SumandeepBanerjee\Work\Odesk\TQGlobal\StereoVisualizer\EngineApp\Debug\mt.command.1.tlog
D:\SumandeepBanerjee\Work\Odesk\TQGlobal\StereoVisualizer\EngineApp\Debug\mt.read.1.tlog
D:\SumandeepBanerjee\Work\Odesk\TQGlobal\StereoVisualizer\EngineApp\Debug\mt.write.1.tlog
D:\SumandeepBanerjee\Work\Odesk\TQGlobal\StereoVisualizer\EngineApp\Debug\rc.command.1.tlog
D:\SumandeepBanerjee\Work\Odesk\TQGlobal\StereoVisualizer\EngineApp\Debug\rc.read.1.tlog
D:\SumandeepBanerjee\Work\Odesk\TQGlobal\StereoVisualizer\EngineApp\Debug\rc.write.1.tlog
D:\SumandeepBanerjee\Work\Odesk\TQGlobal\StereoVisualizer\EngineApp\Debug\vc100.idb
D:\SUMANDEEPBANERJEE\WORK\ODESK\TQGLOBAL\STEREOVISUALIZER\ENGINEAPP\DEBUG\VC100.PDB
D:\SUMANDEEPBANERJEE\WORK\ODESK\TQGLOBAL\STEREOVISUALIZER\ENGINEAPP\DEBUG\WINMAIN.OBJ
